<?xml version="1.0" encoding="UTF-8"?>
<!-- Generated by org.testng.reporters.JUnitReportReporter -->
<testsuite hostname="DESKTOP-QVVDLSQ" failures="0" tests="10" name="motorcycleModule.Practical_ProductPage_HFDeluxe" time="123.501" errors="0" timestamp="2023-10-27T12:21:20 IST" skipped="0">
  <testcase classname="motorcycleModule.Practical_ProductPage_HFDeluxe" name="TC008_AllNavigationTabs" time="27.981"/>
  <system-out/>
  <testcase classname="motorcycleModule.Practical_ProductPage_HFDeluxe" name="TC009_HFDeluxe_Overview" time="9.411"/>
  <system-out/>
  <testcase classname="motorcycleModule.Practical_ProductPage_HFDeluxe" name="TC011_HFDeluxe_Features_BookATest_Ride" time="5.466"/>
  <system-out/>
  <testcase classname="motorcycleModule.Practical_ProductPage_HFDeluxe" name="TC012_HFDeluxe_Specification" time="5.702"/>
  <system-out/>
  <testcase classname="motorcycleModule.Practical_ProductPage_HFDeluxe" name="TC013__Price" time="15.469"/>
  <system-out/>
  <testcase classname="motorcycleModule.Practical_ProductPage_HFDeluxe" name="TC014__Compare" time="0.412"/>
  <system-out/>
  <testcase classname="motorcycleModule.Practical_ProductPage_HFDeluxe" name="TC016__Exchange" time="6.594"/>
  <system-out/>
  <testcase classname="motorcycleModule.Practical_ProductPage_HFDeluxe" name="TC015__Find_A_Dealer" time="15.555"/>
  <system-out/>
  <testcase classname="motorcycleModule.Practical_ProductPage_HFDeluxe" name="TC017__Calculate_EMI" time="12.170"/>
  <system-out/>
  <testcase classname="motorcycleModule.Practical_ProductPage_HFDeluxe" name="TC_018_HFDeluxe_Colours_And_VirtualView" time="24.741"/>
  <system-out/>
</testsuite> <!-- motorcycleModule.Practical_ProductPage_HFDeluxe -->
