<?xml version="1.0" encoding="UTF-8"?>
<!-- Generated by org.testng.reporters.JUnitReportReporter -->
<testsuite hostname="DESKTOP-QVVDLSQ" failures="0" tests="10" name="motorcycleModule.Practical_ProductPage_Splendorplus" time="183.427" errors="0" timestamp="2023-10-27T12:21:20 IST" skipped="0">
  <testcase classname="motorcycleModule.Practical_ProductPage_Splendorplus" name="Motorcycles_practicalPage_SplendorPlus" time="2.458"/>
  <system-out/>
  <testcase classname="motorcycleModule.Practical_ProductPage_Splendorplus" name="TC029_Splendorplus_Overview" time="7.291"/>
  <system-out/>
  <testcase classname="motorcycleModule.Practical_ProductPage_Splendorplus" name="TC031_Splendorplus_Features_BookATest_Ride" time="4.338"/>
  <system-out/>
  <testcase classname="motorcycleModule.Practical_ProductPage_Splendorplus" name="TC032__Splendorplus_Specification" time="17.662"/>
  <system-out/>
  <testcase classname="motorcycleModule.Practical_ProductPage_Splendorplus" name="TC033_Splendorplus_Price" time="41.003"/>
  <system-out/>
  <testcase classname="motorcycleModule.Practical_ProductPage_Splendorplus" name="TC034_Splendorplus_Compare" time="32.277"/>
  <system-out/>
  <testcase classname="motorcycleModule.Practical_ProductPage_Splendorplus" name="TC035_Splendorplus_Find_A_Dealer" time="17.250"/>
  <system-out/>
  <testcase classname="motorcycleModule.Practical_ProductPage_Splendorplus" name="TC036_Splendorplus_Exchange" time="14.836"/>
  <system-out/>
  <testcase classname="motorcycleModule.Practical_ProductPage_Splendorplus" name="TC037_Splendorplus_Calculate_EMI" time="9.970"/>
  <system-out/>
  <testcase classname="motorcycleModule.Practical_ProductPage_Splendorplus" name="TC_038_Splendorplus_Colours_And_VirtualView" time="36.342"/>
  <system-out/>
</testsuite> <!-- motorcycleModule.Practical_ProductPage_Splendorplus -->
