<?xml version="1.0" encoding="UTF-8"?>
<!-- Generated by org.testng.reporters.JUnitReportReporter -->
<testsuite hostname="DESKTOP-QVVDLSQ" failures="0" tests="3" name="MoonShot_domain.Incorrect_Login_Creds" time="15.531" errors="0" timestamp="2023-03-21T20:55:14 IST" skipped="0">
  <testcase classname="MoonShot_domain.Incorrect_Login_Creds" name="Incorrect_number" time="5.743"/>
  <system-out/>
  <testcase classname="MoonShot_domain.Incorrect_Login_Creds" name="Incorrect_otp" time="5.671"/>
  <system-out/>
  <testcase classname="MoonShot_domain.Incorrect_Login_Creds" name="Enter_OTP_only" time="4.117"/>
  <system-out/>
</testsuite> <!-- MoonShot_domain.Incorrect_Login_Creds -->
