<?xml version="1.0" encoding="UTF-8"?>
<!-- Generated by org.testng.reporters.JUnitReportReporter -->
<testsuite hostname="DESKTOP-QVVDLSQ" failures="0" tests="2" name="Moonshot_test.Motorcycles_practical_test" time="28.338" errors="0" timestamp="2023-05-20T21:01:14 IST" skipped="0">
  <testcase classname="Moonshot_test.Motorcycles_practical_test" name="TC_001_motorcycles_practicle_banner" time="11.035"/>
  <system-out/>
  <testcase classname="Moonshot_test.Motorcycles_practical_test" name="TC_005_Verify_splendorXTech_Motercycle" time="17.303"/>
  <system-out/>
</testsuite> <!-- Moonshot_test.Motorcycles_practical_test -->
