<?xml version="1.0" encoding="UTF-8"?>
<!-- Generated by org.testng.reporters.JUnitReportReporter -->
<testsuite hostname="DESKTOP-QVVDLSQ" failures="0" tests="6" name="scootersModule.CateloguePage_Scooters" time="92.729" errors="0" timestamp="2023-09-11T09:21:54 IST" skipped="0">
  <testcase classname="scootersModule.CateloguePage_Scooters" name="CatLinks" time="0.372"/>
  <system-out/>
  <testcase classname="scootersModule.CateloguePage_Scooters" name="TC_04_CategoryPage_Xoom" time="27.733"/>
  <system-out/>
  <testcase classname="scootersModule.CateloguePage_Scooters" name="TC_05_CategoryPage_PleasuePlusXtec" time="16.079"/>
  <system-out/>
  <testcase classname="scootersModule.CateloguePage_Scooters" name="TC_06_CategoryPage_Destini125Xtec" time="16.977"/>
  <system-out/>
  <testcase classname="scootersModule.CateloguePage_Scooters" name="TC_07_CategoryPage_MaestroEdge125" time="14.050"/>
  <system-out/>
  <testcase classname="scootersModule.CateloguePage_Scooters" name="TC_08_CategoryPage_MaestroEdge110" time="17.518"/>
  <system-out/>
</testsuite> <!-- scootersModule.CateloguePage_Scooters -->
