<?xml version="1.0" encoding="UTF-8"?>
<!-- Generated by org.testng.reporters.JUnitReportReporter -->
<testsuite hostname="DESKTOP-QVVDLSQ" failures="0" tests="1" name="sample.GoodLife" time="16.928" errors="0" timestamp="2023-03-06T10:00:34 IST" skipped="0">
  <testcase classname="sample.GoodLife" name="GoodLifePage" time="16.928"/>
  <system-out/>
</testsuite> <!-- sample.GoodLife -->
