<?xml version="1.0" encoding="UTF-8"?>
<!-- Generated by org.testng.reporters.JUnitReportReporter -->
<testsuite hostname="DESKTOP-QVVDLSQ" failures="0" tests="1" name="homePage.NewlyLaunched" time="21.617" errors="0" timestamp="2023-05-15T14:24:45 IST" skipped="0">
  <testcase classname="homePage.NewlyLaunched" name="NewlyLanchedDetails" time="21.617"/>
  <system-out/>
</testsuite> <!-- homePage.NewlyLaunched -->
