<?xml version="1.0" encoding="UTF-8"?>
<!-- Generated by org.testng.reporters.JUnitReportReporter -->
<testsuite hostname="DESKTOP-QVVDLSQ" failures="0" tests="1" name="scootersModule.ProductPage_DestinyPrime" time="19.115" errors="0" timestamp="2023-09-18T15:10:50 IST" skipped="0">
  <testcase classname="scootersModule.ProductPage_DestinyPrime" name="DestinyPrime_Bannner" time="19.115"/>
  <system-out/>
</testsuite> <!-- scootersModule.ProductPage_DestinyPrime -->
