<?xml version="1.0" encoding="UTF-8"?>
<!-- Generated by org.testng.reporters.JUnitReportReporter -->
<testsuite hostname="DESKTOP-QVVDLSQ" failures="0" tests="8" name="motorcycleModule.Perfromance_ProductPage_XTreme200S4V" time="91.825" errors="0" timestamp="2023-10-30T12:33:38 IST" skipped="0">
  <testcase classname="motorcycleModule.Perfromance_ProductPage_XTreme200S4V" name="Performance_productPage_XTreme200S4V" time="2.476"/>
  <system-out/>
  <testcase classname="motorcycleModule.Perfromance_ProductPage_XTreme200S4V" name="TC_149_XTreme200S4V_OverView" time="10.111"/>
  <system-out/>
  <testcase classname="motorcycleModule.Perfromance_ProductPage_XTreme200S4V" name="TC_150_XTreme200S4V_Specification" time="1.315"/>
  <system-out/>
  <testcase classname="motorcycleModule.Perfromance_ProductPage_XTreme200S4V" name="TC_151_XTreme200S4V_Features" time="7.302"/>
  <system-out/>
  <testcase classname="motorcycleModule.Perfromance_ProductPage_XTreme200S4V" name="TC_152_XTreme200S4V_Price" time="30.245"/>
  <system-out/>
  <testcase classname="motorcycleModule.Perfromance_ProductPage_XTreme200S4V" name="TC_153_XTreme200S4V_Find_A_Dealer" time="17.453"/>
  <system-out/>
  <testcase classname="motorcycleModule.Perfromance_ProductPage_XTreme200S4V" name="TC_154_XTreme200S4V_Book_A_TestRide" time="5.262"/>
  <system-out/>
  <testcase classname="motorcycleModule.Perfromance_ProductPage_XTreme200S4V" name="TC_155_XTreme200S4V_Eshoplinks" time="17.661"/>
  <system-out/>
</testsuite> <!-- motorcycleModule.Perfromance_ProductPage_XTreme200S4V -->
