<?xml version="1.0" encoding="UTF-8"?>
<!-- Generated by org.testng.reporters.JUnitReportReporter -->
<testsuite hostname="DESKTOP-QVVDLSQ" failures="0" tests="1" name="homePage.Goodlife_before_Login" time="2.746" errors="0" timestamp="2023-10-04T14:12:47 IST" skipped="0">
  <testcase classname="homePage.Goodlife_before_Login" name="homePage_Services_bookNow" time="2.746"/>
  <system-out/>
</testsuite> <!-- homePage.Goodlife_before_Login -->
