<?xml version="1.0" encoding="UTF-8"?>
<!-- Generated by org.testng.reporters.JUnitReportReporter -->
<testsuite hostname="DESKTOP-QVVDLSQ" failures="0" tests="10" name="motorcycleModule.Practical_ProductPage_HF100" time="86.151" errors="0" timestamp="2023-10-27T12:21:20 IST" skipped="0">
  <testcase classname="motorcycleModule.Practical_ProductPage_HF100" name="Motorcycles_practicalPage_HF100" time="0.390"/>
  <system-out/>
  <testcase classname="motorcycleModule.Practical_ProductPage_HF100" name="TC019_HF100_Overview" time="7.526"/>
  <system-out/>
  <testcase classname="motorcycleModule.Practical_ProductPage_HF100" name="TC021_HF100_Features_BookATest_Ride" time="4.345"/>
  <system-out/>
  <testcase classname="motorcycleModule.Practical_ProductPage_HF100" name="TC022__HF100_Specification" time="5.863"/>
  <system-out/>
  <testcase classname="motorcycleModule.Practical_ProductPage_HF100" name="TC023_HF100Price" time="13.165"/>
  <system-out/>
  <testcase classname="motorcycleModule.Practical_ProductPage_HF100" name="TC024_HF100_Compare" time="1.102"/>
  <system-out/>
  <testcase classname="motorcycleModule.Practical_ProductPage_HF100" name="TC025__Find_A_Dealer" time="17.271"/>
  <system-out/>
  <testcase classname="motorcycleModule.Practical_ProductPage_HF100" name="TC026_HF100_Exchange" time="11.845"/>
  <system-out/>
  <testcase classname="motorcycleModule.Practical_ProductPage_HF100" name="TC027_HF100_Calculate_EMI" time="12.024"/>
  <system-out/>
  <testcase classname="motorcycleModule.Practical_ProductPage_HF100" name="TC_028_HFDeluxe_Colours_And_VirtualView" time="12.620"/>
  <system-out/>
</testsuite> <!-- motorcycleModule.Practical_ProductPage_HF100 -->
