<?xml version="1.0" encoding="UTF-8"?>
<!-- Generated by org.testng.reporters.JUnitReportReporter -->
<testsuite hostname="DESKTOP-QVVDLSQ" failures="0" tests="3" name="serviceLogin_Modules.BookNowService" time="488.865" errors="0" timestamp="2023-11-03T14:14:56 IST" skipped="0">
  <testcase classname="serviceLogin_Modules.BookNowService" name="Login" time="10.223"/>
  <system-out/>
  <testcase classname="serviceLogin_Modules.BookNowService" name="BookNow_service" time="147.910"/>
  <system-out/>
  <testcase classname="serviceLogin_Modules.BookNowService" name="BookNow_summaryPage" time="330.732"/>
  <system-out/>
</testsuite> <!-- serviceLogin_Modules.BookNowService -->
