<?xml version="1.0" encoding="UTF-8"?>
<!-- Generated by org.testng.reporters.JUnitReportReporter -->
<testsuite hostname="DESKTOP-QVVDLSQ" failures="0" tests="10" name="motorcycleModule.Executive_ProductPage_PassionXtec" time="330.838" errors="0" timestamp="2023-08-09T14:14:33 IST" skipped="0">
  <testcase classname="motorcycleModule.Executive_ProductPage_PassionXtec" name="Executive_productPage_PassionXtec" time="3.839"/>
  <system-out/>
  <testcase classname="motorcycleModule.Executive_ProductPage_PassionXtec" name="TC_114_PassionXtec_Specification" time="15.015"/>
  <system-out/>
  <testcase classname="motorcycleModule.Executive_ProductPage_PassionXtec" name="TC_115_PassionXtec_Price" time="63.621"/>
  <system-out/>
  <testcase classname="motorcycleModule.Executive_ProductPage_PassionXtec" name="TC_116_PassionXtec_Compare" time="28.553"/>
  <system-out/>
  <testcase classname="motorcycleModule.Executive_ProductPage_PassionXtec" name="TC_117_PassionXtec_Find_A_Dealer" time="24.041"/>
  <system-out/>
  <testcase classname="motorcycleModule.Executive_ProductPage_PassionXtec" name="TC_118_PassionXtec_RequestCallback" time="16.247"/>
  <system-out/>
  <testcase classname="motorcycleModule.Executive_ProductPage_PassionXtec" name="TC_119_PassionXtec_Colours_360View" time="29.697"/>
  <system-out/>
  <testcase classname="motorcycleModule.Executive_ProductPage_PassionXtec" name="TC_120_EXE_PassionXtec_Book_A_Test_Ride" time="6.220"/>
  <system-out/>
  <testcase classname="motorcycleModule.Executive_ProductPage_PassionXtec" name="TC_121_EXE_PassionXtec_EshopLinks" time="139.004"/>
  <system-out/>
  <testcase classname="motorcycleModule.Executive_ProductPage_PassionXtec" name="TC_113_PassionXtec_Features" time="4.601"/>
  <system-out/>
</testsuite> <!-- motorcycleModule.Executive_ProductPage_PassionXtec -->
