<?xml version="1.0" encoding="UTF-8"?>
<!-- Generated by org.testng.reporters.JUnitReportReporter -->
<testsuite hostname="DESKTOP-QVVDLSQ" failures="0" tests="9" name="motorcycleModule.Practical_ProductPage_SplendorPlusXTec" time="118.840" errors="0" timestamp="2023-10-27T12:21:20 IST" skipped="0">
  <testcase classname="motorcycleModule.Practical_ProductPage_SplendorPlusXTec" name="Motorcycles_practicalPage_SplendorPlusXtec" time="3.122"/>
  <system-out/>
  <testcase classname="motorcycleModule.Practical_ProductPage_SplendorPlusXTec" name="TC041_SplendorplusXTec_Features_BookATest_Ride" time="6.199"/>
  <system-out/>
  <testcase classname="motorcycleModule.Practical_ProductPage_SplendorPlusXTec" name="TC042__SplendorplusXTec_Specification" time="5.814"/>
  <system-out/>
  <testcase classname="motorcycleModule.Practical_ProductPage_SplendorPlusXTec" name="TC043_SplendorplusXTec_Price" time="28.179"/>
  <system-out/>
  <testcase classname="motorcycleModule.Practical_ProductPage_SplendorPlusXTec" name="TC044_SplendorplusXTec_Compare" time="32.831"/>
  <system-out/>
  <testcase classname="motorcycleModule.Practical_ProductPage_SplendorPlusXTec" name="TC045_SplendorplusXTec_Find_A_Dealer" time="17.098"/>
  <system-out/>
  <testcase classname="motorcycleModule.Practical_ProductPage_SplendorPlusXTec" name="TC046_SplendorplusXTec_Exchange" time="5.727"/>
  <system-out/>
  <testcase classname="motorcycleModule.Practical_ProductPage_SplendorPlusXTec" name="TC047_SplendorplusXTec_Calculate_EMI" time="10.043"/>
  <system-out/>
  <testcase classname="motorcycleModule.Practical_ProductPage_SplendorPlusXTec" name="TC_048_SplendorplusXTec_Colours_And_VirtualView" time="9.827"/>
  <system-out/>
</testsuite> <!-- motorcycleModule.Practical_ProductPage_SplendorPlusXTec -->
