<?xml version="1.0" encoding="UTF-8"?>
<!-- Generated by org.testng.reporters.JUnitReportReporter -->
<testsuite hostname="DESKTOP-QVVDLSQ" failures="0" tests="9" name="motorcycleModule.Executive_ProductPage_PassionPro" time="201.181" errors="0" timestamp="2023-07-21T14:39:53 IST" skipped="0">
  <testcase classname="motorcycleModule.Executive_ProductPage_PassionPro" name="Executive_productPage_PassionPro" time="3.086"/>
  <system-out/>
  <testcase classname="motorcycleModule.Executive_ProductPage_PassionPro" name="TC_087_PassionPro_Specification" time="19.331"/>
  <system-out/>
  <testcase classname="motorcycleModule.Executive_ProductPage_PassionPro" name="TC_088_PassionPro_Price" time="70.066"/>
  <system-out/>
  <testcase classname="motorcycleModule.Executive_ProductPage_PassionPro" name="TC_089_PassionPro_Compare" time="28.594"/>
  <system-out/>
  <testcase classname="motorcycleModule.Executive_ProductPage_PassionPro" name="TC_090_PassionPro_Find_A_Dealer" time="23.375"/>
  <system-out/>
  <testcase classname="motorcycleModule.Executive_ProductPage_PassionPro" name="TC_086_PassionPro_Features" time="4.994"/>
  <system-out/>
  <testcase classname="motorcycleModule.Executive_ProductPage_PassionPro" name="TC_092_PassionPro_Colours_360View" time="30.386"/>
  <system-out/>
  <testcase classname="motorcycleModule.Executive_ProductPage_PassionPro" name="TC_093_EXE_PassionPro_Book_A_Test_Ride" time="7.019"/>
  <system-out/>
  <testcase classname="motorcycleModule.Executive_ProductPage_PassionPro" name="TC_094_EXE_PassionPro_EshopLinks" time="14.330"/>
  <system-out/>
</testsuite> <!-- motorcycleModule.Executive_ProductPage_PassionPro -->
