<?xml version="1.0" encoding="UTF-8"?>
<!-- Generated by org.testng.reporters.JUnitReportReporter -->
<testsuite hostname="DESKTOP-QVVDLSQ" failures="0" tests="1" name="homePage.HomePage_Execution" time="16.289" errors="0" timestamp="2023-10-06T11:26:16 IST" skipped="0">
  <testcase classname="homePage.HomePage_Execution" name="Botton_Nav_Tabs_Investors" time="16.289"/>
  <system-out/>
</testsuite> <!-- homePage.HomePage_Execution -->
