<?xml version="1.0" encoding="UTF-8"?>
<!-- Generated by org.testng.reporters.JUnitReportReporter -->
<testsuite hostname="DESKTOP-QVVDLSQ" failures="0" tests="1" name="sample.TC_0001" time="0.912" errors="0" timestamp="2023-03-06T10:00:34 IST" skipped="0">
  <testcase classname="sample.TC_0001" name="Login_Account" time="0.912"/>
  <system-out/>
</testsuite> <!-- sample.TC_0001 -->
